2023-07-19 12:37:32,942 INFO org.hibernate.validator.internal.util.Version {1.} [background-preinit] HV000001: Hibernate Validator 8.0.0.Final
2023-07-19 12:37:32,984 INFO com.mycompany.propertymanagement.PropertyManagementApplication {1.} [restartedMain] Starting PropertyManagementApplication using Java 17.0.7 with PID 13464 (C:\Users\medam\Documents\SpringBoot\spring projects\property-management\target\classes started by medam in C:\Users\medam\Documents\SpringBoot\spring projects\property-management)
2023-07-19 12:37:32,985 INFO com.mycompany.propertymanagement.PropertyManagementApplication {1.} [restartedMain] The following 1 profile is active: "dev"
2023-07-19 12:37:33,036 INFO org.springframework.boot.devtools.env.DevToolsPropertyDefaultsPostProcessor {1.} [restartedMain] Devtools property defaults active! Set 'spring.devtools.add-properties' to 'false' to disable
2023-07-19 12:37:33,037 INFO org.springframework.boot.devtools.env.DevToolsPropertyDefaultsPostProcessor {1.} [restartedMain] For additional web related logging consider setting the 'logging.level.web' property to 'DEBUG'
2023-07-19 12:37:33,670 INFO org.springframework.data.repository.config.RepositoryConfigurationDelegate {1.} [restartedMain] Bootstrapping Spring Data JPA repositories in DEFAULT mode.
2023-07-19 12:37:33,709 INFO org.springframework.data.repository.config.RepositoryConfigurationDelegate {1.} [restartedMain] Finished Spring Data repository scanning in 34 ms. Found 2 JPA repository interfaces.
2023-07-19 12:37:34,094 INFO org.springframework.boot.web.embedded.tomcat.TomcatWebServer {1.} [restartedMain] Tomcat initialized with port(s): 8080 (http)
2023-07-19 12:37:34,099 INFO org.apache.coyote.http11.Http11NioProtocol {1.} [restartedMain] Initializing ProtocolHandler ["http-nio-8080"]
2023-07-19 12:37:34,100 INFO org.apache.catalina.core.StandardService {1.} [restartedMain] Starting service [Tomcat]
2023-07-19 12:37:34,101 INFO org.apache.catalina.core.StandardEngine {1.} [restartedMain] Starting Servlet engine: [Apache Tomcat/10.1.10]
2023-07-19 12:37:34,147 INFO org.apache.catalina.core.ContainerBase.[Tomcat].[localhost].[/] {1.} [restartedMain] Initializing Spring embedded WebApplicationContext
2023-07-19 12:37:34,147 INFO org.springframework.boot.web.servlet.context.ServletWebServerApplicationContext {1.} [restartedMain] Root WebApplicationContext: initialization completed in 1110 ms
2023-07-19 12:37:34,174 INFO com.zaxxer.hikari.HikariDataSource {1.} [restartedMain] HikariPool-1 - Starting...
2023-07-19 12:37:34,279 INFO com.zaxxer.hikari.pool.HikariPool {1.} [restartedMain] HikariPool-1 - Added connection com.mysql.cj.jdbc.ConnectionImpl@64cdac06
2023-07-19 12:37:34,280 INFO com.zaxxer.hikari.HikariDataSource {1.} [restartedMain] HikariPool-1 - Start completed.
2023-07-19 12:37:34,288 INFO org.springframework.boot.autoconfigure.h2.H2ConsoleAutoConfiguration {1.} [restartedMain] H2 console available at '/h2-console'. Database available at 'jdbc:mysql://localhost:3306/pmsdb-dev?useSSL=false&serverTimezone=UTC&useLegacyDatetimeCode=false'
2023-07-19 12:37:34,385 INFO org.hibernate.jpa.internal.util.LogHelper {1.} [restartedMain] HHH000204: Processing PersistenceUnitInfo [name: default]
2023-07-19 12:37:34,437 INFO org.hibernate.Version {1.} [restartedMain] HHH000412: Hibernate ORM core version 6.2.5.Final
2023-07-19 12:37:34,439 INFO org.hibernate.cfg.Environment {1.} [restartedMain] HHH000406: Using bytecode reflection optimizer
2023-07-19 12:37:34,544 INFO org.hibernate.bytecode.internal.BytecodeProviderInitiator {1.} [restartedMain] HHH000021: Bytecode provider name : bytebuddy
2023-07-19 12:37:34,636 INFO org.springframework.orm.jpa.persistenceunit.SpringPersistenceUnitInfo {1.} [restartedMain] No LoadTimeWeaver setup: ignoring JPA class transformer
2023-07-19 12:37:34,676 WARN org.hibernate.orm.deprecation {1.} [restartedMain] HHH90000026: MySQL8Dialect has been deprecated; use org.hibernate.dialect.MySQLDialect instead
2023-07-19 12:37:34,800 INFO org.hibernate.bytecode.internal.BytecodeProviderInitiator {1.} [restartedMain] HHH000021: Bytecode provider name : bytebuddy
2023-07-19 12:37:35,301 INFO org.hibernate.engine.transaction.jta.platform.internal.JtaPlatformInitiator {1.} [restartedMain] HHH000490: Using JtaPlatform implementation: [org.hibernate.engine.transaction.jta.platform.internal.NoJtaPlatform]
2023-07-19 12:37:35,357 INFO org.springframework.orm.jpa.LocalContainerEntityManagerFactoryBean {1.} [restartedMain] Initialized JPA EntityManagerFactory for persistence unit 'default'
2023-07-19 12:37:35,621 WARN org.springframework.boot.autoconfigure.orm.jpa.JpaBaseConfiguration$JpaWebConfiguration {1.} [restartedMain] spring.jpa.open-in-view is enabled by default. Therefore, database queries may be performed during view rendering. Explicitly configure spring.jpa.open-in-view to disable this warning
2023-07-19 12:37:35,857 INFO org.springframework.boot.devtools.autoconfigure.OptionalLiveReloadServer {1.} [restartedMain] LiveReload server is running on port 35729
2023-07-19 12:37:35,870 INFO org.apache.coyote.http11.Http11NioProtocol {1.} [restartedMain] Starting ProtocolHandler ["http-nio-8080"]
2023-07-19 12:37:35,885 INFO org.springframework.boot.web.embedded.tomcat.TomcatWebServer {1.} [restartedMain] Tomcat started on port(s): 8080 (http) with context path ''
2023-07-19 12:37:35,897 INFO com.mycompany.propertymanagement.PropertyManagementApplication {1.} [restartedMain] Started PropertyManagementApplication in 3.31 seconds (process running for 3.962)
2023-07-19 12:37:56,223 INFO org.apache.catalina.core.ContainerBase.[Tomcat].[localhost].[/] {1.} [http-nio-8080-exec-2] Initializing Spring DispatcherServlet 'dispatcherServlet'
2023-07-19 12:37:56,223 INFO org.springframework.web.servlet.DispatcherServlet {1.} [http-nio-8080-exec-2] Initializing Servlet 'dispatcherServlet'
2023-07-19 12:37:56,224 INFO org.springframework.web.servlet.DispatcherServlet {1.} [http-nio-8080-exec-2] Completed initialization in 1 ms
2023-07-19 12:37:56,332 INFO com.mycompany.propertymanagement.exception.CustomExceptionHandler {1.} [http-nio-8080-exec-2] Inside Field Validation: info : ownerEmail - Owner Email is not valid !
2023-07-19 12:37:56,332 INFO com.mycompany.propertymanagement.exception.CustomExceptionHandler {1.} [http-nio-8080-exec-2] Inside Field Validation: info : password - Password cannot be empty !
2023-07-19 12:37:56,332 INFO com.mycompany.propertymanagement.exception.CustomExceptionHandler {1.} [http-nio-8080-exec-2] Inside Field Validation: info : password - Password is mandatory !
2023-07-19 12:37:56,354 WARN org.springframework.web.servlet.mvc.method.annotation.ExceptionHandlerExceptionResolver {1.} [http-nio-8080-exec-2] Resolved [org.springframework.web.bind.MethodArgumentNotValidException: Validation failed for argument [0] in public org.springframework.http.ResponseEntity<com.mycompany.propertymanagement.model.UserDTO> com.mycompany.propertymanagement.controller.UserController.register(com.mycompany.propertymanagement.model.UserDTO) with 3 errors: [Field error in object 'userDTO' on field 'ownerEmail': rejected value [samigmail.com]; codes [Email.userDTO.ownerEmail,Email.ownerEmail,Email.java.lang.String,Email]; arguments [org.springframework.context.support.DefaultMessageSourceResolvable: codes [userDTO.ownerEmail,ownerEmail]; arguments []; default message [ownerEmail],[Ljakarta.validation.constraints.Pattern$Flag;@190b5908,.*]; default message [Owner Email is not valid !]] [Field error in object 'userDTO' on field 'password': rejected value [null]; codes [NotEmpty.userDTO.password,NotEmpty.password,NotEmpty.java.lang.String,NotEmpty]; arguments [org.springframework.context.support.DefaultMessageSourceResolvable: codes [userDTO.password,password]; arguments []; default message [password]]; default message [Password cannot be empty !]] [Field error in object 'userDTO' on field 'password': rejected value [null]; codes [NotNull.userDTO.password,NotNull.password,NotNull.java.lang.String,NotNull]; arguments [org.springframework.context.support.DefaultMessageSourceResolvable: codes [userDTO.password,password]; arguments []; default message [password]]; default message [Password is mandatory !]] ]
2023-07-19 12:40:12,521 WARN com.mycompany.propertymanagement.exception.CustomExceptionHandler {1.} [http-nio-8080-exec-5] BusinessException is thrown: Warn : EMAIL_ALREADY_EXIST - The email with which you are trying to register already exists  !
2023-07-19 12:40:12,521 ERROR com.mycompany.propertymanagement.exception.CustomExceptionHandler {1.} [http-nio-8080-exec-5] BusinessException is thrown: Error : EMAIL_ALREADY_EXIST - The email with which you are trying to register already exists  !
2023-07-19 12:40:12,521 WARN org.springframework.web.servlet.mvc.method.annotation.ExceptionHandlerExceptionResolver {1.} [http-nio-8080-exec-5] Resolved [com.mycompany.propertymanagement.exception.BusinessException]
2023-07-19 12:44:43,264 INFO com.mycompany.propertymanagement.exception.CustomExceptionHandler {1.} [http-nio-8080-exec-7] Inside Field Validation: info : ownerEmail - Owner Email is mandatory !
2023-07-19 12:44:43,265 INFO com.mycompany.propertymanagement.exception.CustomExceptionHandler {1.} [http-nio-8080-exec-7] Inside Field Validation: info : password - Password cannot be empty !
2023-07-19 12:44:43,265 INFO com.mycompany.propertymanagement.exception.CustomExceptionHandler {1.} [http-nio-8080-exec-7] Inside Field Validation: info : ownerEmail - Owner Email cannot be empty !
2023-07-19 12:44:43,265 INFO com.mycompany.propertymanagement.exception.CustomExceptionHandler {1.} [http-nio-8080-exec-7] Inside Field Validation: info : password - Password is mandatory !
2023-07-19 12:44:43,266 WARN org.springframework.web.servlet.mvc.method.annotation.ExceptionHandlerExceptionResolver {1.} [http-nio-8080-exec-7] Resolved [org.springframework.web.bind.MethodArgumentNotValidException: Validation failed for argument [0] in public org.springframework.http.ResponseEntity<com.mycompany.propertymanagement.model.UserDTO> com.mycompany.propertymanagement.controller.UserController.register(com.mycompany.propertymanagement.model.UserDTO) with 4 errors: [Field error in object 'userDTO' on field 'ownerEmail': rejected value [null]; codes [NotNull.userDTO.ownerEmail,NotNull.ownerEmail,NotNull.java.lang.String,NotNull]; arguments [org.springframework.context.support.DefaultMessageSourceResolvable: codes [userDTO.ownerEmail,ownerEmail]; arguments []; default message [ownerEmail]]; default message [Owner Email is mandatory !]] [Field error in object 'userDTO' on field 'password': rejected value [null]; codes [NotEmpty.userDTO.password,NotEmpty.password,NotEmpty.java.lang.String,NotEmpty]; arguments [org.springframework.context.support.DefaultMessageSourceResolvable: codes [userDTO.password,password]; arguments []; default message [password]]; default message [Password cannot be empty !]] [Field error in object 'userDTO' on field 'ownerEmail': rejected value [null]; codes [NotEmpty.userDTO.ownerEmail,NotEmpty.ownerEmail,NotEmpty.java.lang.String,NotEmpty]; arguments [org.springframework.context.support.DefaultMessageSourceResolvable: codes [userDTO.ownerEmail,ownerEmail]; arguments []; default message [ownerEmail]]; default message [Owner Email cannot be empty !]] [Field error in object 'userDTO' on field 'password': rejected value [null]; codes [NotNull.userDTO.password,NotNull.password,NotNull.java.lang.String,NotNull]; arguments [org.springframework.context.support.DefaultMessageSourceResolvable: codes [userDTO.password,password]; arguments []; default message [password]]; default message [Password is mandatory !]] ]
2023-07-19 13:31:23,116 WARN com.zaxxer.hikari.pool.HikariPool {1.} [HikariPool-1 housekeeper] HikariPool-1 - Thread starvation or clock leap detected (housekeeper delta=44m18s569ms202µs700ns).
2023-07-19 13:32:16,316 INFO org.springframework.orm.jpa.LocalContainerEntityManagerFactoryBean {1.} [SpringApplicationShutdownHook] Closing JPA EntityManagerFactory for persistence unit 'default'
2023-07-19 13:32:16,320 INFO com.zaxxer.hikari.HikariDataSource {1.} [SpringApplicationShutdownHook] HikariPool-1 - Shutdown initiated...
2023-07-19 13:32:16,323 INFO com.zaxxer.hikari.HikariDataSource {1.} [SpringApplicationShutdownHook] HikariPool-1 - Shutdown completed.
2023-07-19 13:34:47,449 INFO org.hibernate.validator.internal.util.Version {1} [background-preinit] HV000001: Hibernate Validator 8.0.0.Final
2023-07-19 13:34:47,496 INFO com.mycompany.propertymanagement.PropertyManagementApplication {1} [restartedMain] Starting PropertyManagementApplication using Java 17.0.7 with PID 16640 (C:\Users\medam\Documents\SpringBoot\spring projects\property-management\target\classes started by medam in C:\Users\medam\Documents\SpringBoot\spring projects\property-management)
2023-07-19 13:34:47,497 INFO com.mycompany.propertymanagement.PropertyManagementApplication {1} [restartedMain] The following 1 profile is active: "dev"
2023-07-19 13:34:47,547 INFO org.springframework.boot.devtools.env.DevToolsPropertyDefaultsPostProcessor {1} [restartedMain] Devtools property defaults active! Set 'spring.devtools.add-properties' to 'false' to disable
2023-07-19 13:34:47,548 INFO org.springframework.boot.devtools.env.DevToolsPropertyDefaultsPostProcessor {1} [restartedMain] For additional web related logging consider setting the 'logging.level.web' property to 'DEBUG'
2023-07-19 13:34:48,270 INFO org.springframework.data.repository.config.RepositoryConfigurationDelegate {1} [restartedMain] Bootstrapping Spring Data JPA repositories in DEFAULT mode.
2023-07-19 13:34:48,320 INFO org.springframework.data.repository.config.RepositoryConfigurationDelegate {1} [restartedMain] Finished Spring Data repository scanning in 43 ms. Found 2 JPA repository interfaces.
2023-07-19 13:34:48,865 INFO org.springframework.boot.web.embedded.tomcat.TomcatWebServer {1} [restartedMain] Tomcat initialized with port(s): 8080 (http)
2023-07-19 13:34:48,873 INFO org.apache.coyote.http11.Http11NioProtocol {1} [restartedMain] Initializing ProtocolHandler ["http-nio-8080"]
2023-07-19 13:34:48,875 INFO org.apache.catalina.core.StandardService {1} [restartedMain] Starting service [Tomcat]
2023-07-19 13:34:48,876 INFO org.apache.catalina.core.StandardEngine {1} [restartedMain] Starting Servlet engine: [Apache Tomcat/10.1.10]
2023-07-19 13:34:48,939 INFO org.apache.catalina.core.ContainerBase.[Tomcat].[localhost].[/] {1} [restartedMain] Initializing Spring embedded WebApplicationContext
2023-07-19 13:34:48,940 INFO org.springframework.boot.web.servlet.context.ServletWebServerApplicationContext {1} [restartedMain] Root WebApplicationContext: initialization completed in 1392 ms
2023-07-19 13:34:48,975 INFO com.zaxxer.hikari.HikariDataSource {1} [restartedMain] HikariPool-1 - Starting...
2023-07-19 13:34:49,129 INFO com.zaxxer.hikari.pool.HikariPool {1} [restartedMain] HikariPool-1 - Added connection com.mysql.cj.jdbc.ConnectionImpl@76192d97
2023-07-19 13:34:49,130 INFO com.zaxxer.hikari.HikariDataSource {1} [restartedMain] HikariPool-1 - Start completed.
2023-07-19 13:34:49,137 INFO org.springframework.boot.autoconfigure.h2.H2ConsoleAutoConfiguration {1} [restartedMain] H2 console available at '/h2-console'. Database available at 'jdbc:mysql://localhost:3306/pmsdb-dev?useSSL=false&serverTimezone=UTC&useLegacyDatetimeCode=false'
2023-07-19 13:34:49,235 INFO org.hibernate.jpa.internal.util.LogHelper {1} [restartedMain] HHH000204: Processing PersistenceUnitInfo [name: default]
2023-07-19 13:34:49,302 INFO org.hibernate.Version {1} [restartedMain] HHH000412: Hibernate ORM core version 6.2.5.Final
2023-07-19 13:34:49,303 INFO org.hibernate.cfg.Environment {1} [restartedMain] HHH000406: Using bytecode reflection optimizer
2023-07-19 13:34:49,447 INFO org.hibernate.bytecode.internal.BytecodeProviderInitiator {1} [restartedMain] HHH000021: Bytecode provider name : bytebuddy
2023-07-19 13:34:49,581 INFO org.springframework.orm.jpa.persistenceunit.SpringPersistenceUnitInfo {1} [restartedMain] No LoadTimeWeaver setup: ignoring JPA class transformer
2023-07-19 13:34:49,737 WARN org.hibernate.orm.deprecation {1} [restartedMain] HHH90000026: MySQL8Dialect has been deprecated; use org.hibernate.dialect.MySQLDialect instead
2023-07-19 13:34:49,925 INFO org.hibernate.bytecode.internal.BytecodeProviderInitiator {1} [restartedMain] HHH000021: Bytecode provider name : bytebuddy
2023-07-19 13:34:50,718 INFO org.hibernate.engine.transaction.jta.platform.internal.JtaPlatformInitiator {1} [restartedMain] HHH000490: Using JtaPlatform implementation: [org.hibernate.engine.transaction.jta.platform.internal.NoJtaPlatform]
2023-07-19 13:34:51,155 INFO org.springframework.orm.jpa.LocalContainerEntityManagerFactoryBean {1} [restartedMain] Initialized JPA EntityManagerFactory for persistence unit 'default'
2023-07-19 13:34:51,562 WARN org.springframework.boot.autoconfigure.orm.jpa.JpaBaseConfiguration$JpaWebConfiguration {1} [restartedMain] spring.jpa.open-in-view is enabled by default. Therefore, database queries may be performed during view rendering. Explicitly configure spring.jpa.open-in-view to disable this warning
2023-07-19 13:34:51,864 INFO org.springframework.boot.devtools.autoconfigure.OptionalLiveReloadServer {1} [restartedMain] LiveReload server is running on port 35729
2023-07-19 13:34:51,878 INFO org.apache.coyote.http11.Http11NioProtocol {1} [restartedMain] Starting ProtocolHandler ["http-nio-8080"]
2023-07-19 13:34:51,900 INFO org.springframework.boot.web.embedded.tomcat.TomcatWebServer {1} [restartedMain] Tomcat started on port(s): 8080 (http) with context path ''
2023-07-19 13:34:51,908 INFO com.mycompany.propertymanagement.PropertyManagementApplication {1} [restartedMain] Started PropertyManagementApplication in 4.944 seconds (process running for 5.855)
2023-07-19 13:34:54,548 INFO org.apache.catalina.core.ContainerBase.[Tomcat].[localhost].[/] {1} [http-nio-8080-exec-1] Initializing Spring DispatcherServlet 'dispatcherServlet'
2023-07-19 13:34:54,548 INFO org.springframework.web.servlet.DispatcherServlet {1} [http-nio-8080-exec-1] Initializing Servlet 'dispatcherServlet'
2023-07-19 13:34:54,550 INFO org.springframework.web.servlet.DispatcherServlet {1} [http-nio-8080-exec-1] Completed initialization in 2 ms
2023-07-19 13:34:54,693 INFO com.mycompany.propertymanagement.exception.CustomExceptionHandler {1} [http-nio-8080-exec-1] Inside Field Validation: info : ownerEmail - Owner Email cannot be empty !
2023-07-19 13:34:54,693 INFO com.mycompany.propertymanagement.exception.CustomExceptionHandler {1} [http-nio-8080-exec-1] Inside Field Validation: info : password - Password is mandatory !
2023-07-19 13:34:54,694 INFO com.mycompany.propertymanagement.exception.CustomExceptionHandler {1} [http-nio-8080-exec-1] Inside Field Validation: info : password - Password cannot be empty !
2023-07-19 13:34:54,694 INFO com.mycompany.propertymanagement.exception.CustomExceptionHandler {1} [http-nio-8080-exec-1] Inside Field Validation: info : ownerEmail - Owner Email is mandatory !
2023-07-19 13:34:54,721 WARN org.springframework.web.servlet.mvc.method.annotation.ExceptionHandlerExceptionResolver {1} [http-nio-8080-exec-1] Resolved [org.springframework.web.bind.MethodArgumentNotValidException: Validation failed for argument [0] in public org.springframework.http.ResponseEntity<com.mycompany.propertymanagement.model.UserDTO> com.mycompany.propertymanagement.controller.UserController.register(com.mycompany.propertymanagement.model.UserDTO) with 4 errors: [Field error in object 'userDTO' on field 'ownerEmail': rejected value [null]; codes [NotEmpty.userDTO.ownerEmail,NotEmpty.ownerEmail,NotEmpty.java.lang.String,NotEmpty]; arguments [org.springframework.context.support.DefaultMessageSourceResolvable: codes [userDTO.ownerEmail,ownerEmail]; arguments []; default message [ownerEmail]]; default message [Owner Email cannot be empty !]] [Field error in object 'userDTO' on field 'password': rejected value [null]; codes [NotNull.userDTO.password,NotNull.password,NotNull.java.lang.String,NotNull]; arguments [org.springframework.context.support.DefaultMessageSourceResolvable: codes [userDTO.password,password]; arguments []; default message [password]]; default message [Password is mandatory !]] [Field error in object 'userDTO' on field 'password': rejected value [null]; codes [NotEmpty.userDTO.password,NotEmpty.password,NotEmpty.java.lang.String,NotEmpty]; arguments [org.springframework.context.support.DefaultMessageSourceResolvable: codes [userDTO.password,password]; arguments []; default message [password]]; default message [Password cannot be empty !]] [Field error in object 'userDTO' on field 'ownerEmail': rejected value [null]; codes [NotNull.userDTO.ownerEmail,NotNull.ownerEmail,NotNull.java.lang.String,NotNull]; arguments [org.springframework.context.support.DefaultMessageSourceResolvable: codes [userDTO.ownerEmail,ownerEmail]; arguments []; default message [ownerEmail]]; default message [Owner Email is mandatory !]] ]
